2021-05-13T01:46:19+00:00 CRITICAL Uncaught Error: Call to a member function format() on null in /var/www/html/wp-content/plugins/woocommerce/packages/action-scheduler/classes/ActionScheduler_wcSystemStatus.php:79
Stack trace:
#0 /var/www/html/wp-content/plugins/woocommerce/packages/action-scheduler/classes/ActionScheduler_wcSystemStatus.php(52): ActionScheduler_wcSystemStatus->get_action_status_date('pending', 'oldest')
#1 /var/www/html/wp-content/plugins/woocommerce/packages/action-scheduler/classes/ActionScheduler_wcSystemStatus.php(27): ActionScheduler_wcSystemStatus->get_oldest_and_newest(Array)
#2 /var/www/html/wp-content/plugins/woocommerce/packages/action-scheduler/classes/ActionScheduler_AdminView.php(50): ActionScheduler_wcSystemStatus->render()
#3 /var/www/html/wp-includes/class-wp-hook.php(292): ActionScheduler_AdminView->system_status_report('')
#4 /var/www/html/wp-includes/class-wp-hook.php(316): WP_Hook->apply_filters('', Array)
#5 /var/www/html/wp-includes/plugin.php(484): WP_Hook->do_action(Array)
#6 /var/www/html/wp-content/p in /var/www/html/wp-content/plugins/woocommerce/packages/action-scheduler/classes/ActionScheduler_wcSystemStatus.php on line 79

2021-05-13T01:55:00+00:00 CRITICAL Uncaught Error: Call to a member function format() on null in /var/www/html/wp-content/plugins/woocommerce/packages/action-scheduler/classes/ActionScheduler_wcSystemStatus.php:79
Stack trace:
#0 /var/www/html/wp-content/plugins/woocommerce/packages/action-scheduler/classes/ActionScheduler_wcSystemStatus.php(52): ActionScheduler_wcSystemStatus->get_action_status_date('pending', 'oldest')
#1 /var/www/html/wp-content/plugins/woocommerce/packages/action-scheduler/classes/ActionScheduler_wcSystemStatus.php(27): ActionScheduler_wcSystemStatus->get_oldest_and_newest(Array)
#2 /var/www/html/wp-content/plugins/woocommerce/packages/action-scheduler/classes/ActionScheduler_AdminView.php(50): ActionScheduler_wcSystemStatus->render()
#3 /var/www/html/wp-includes/class-wp-hook.php(292): ActionScheduler_AdminView->system_status_report('')
#4 /var/www/html/wp-includes/class-wp-hook.php(316): WP_Hook->apply_filters('', Array)
#5 /var/www/html/wp-includes/plugin.php(484): WP_Hook->do_action(Array)
#6 /var/www/html/wp-content/p in /var/www/html/wp-content/plugins/woocommerce/packages/action-scheduler/classes/ActionScheduler_wcSystemStatus.php on line 79

2021-05-13T01:57:17+00:00 CRITICAL Uncaught Error: Call to a member function format() on null in /var/www/html/wp-content/plugins/woocommerce/packages/action-scheduler/classes/ActionScheduler_wcSystemStatus.php:79
Stack trace:
#0 /var/www/html/wp-content/plugins/woocommerce/packages/action-scheduler/classes/ActionScheduler_wcSystemStatus.php(52): ActionScheduler_wcSystemStatus->get_action_status_date('pending', 'oldest')
#1 /var/www/html/wp-content/plugins/woocommerce/packages/action-scheduler/classes/ActionScheduler_wcSystemStatus.php(27): ActionScheduler_wcSystemStatus->get_oldest_and_newest(Array)
#2 /var/www/html/wp-content/plugins/woocommerce/packages/action-scheduler/classes/ActionScheduler_AdminView.php(50): ActionScheduler_wcSystemStatus->render()
#3 /var/www/html/wp-includes/class-wp-hook.php(292): ActionScheduler_AdminView->system_status_report('')
#4 /var/www/html/wp-includes/class-wp-hook.php(316): WP_Hook->apply_filters('', Array)
#5 /var/www/html/wp-includes/plugin.php(484): WP_Hook->do_action(Array)
#6 /var/www/html/wp-content/p in /var/www/html/wp-content/plugins/woocommerce/packages/action-scheduler/classes/ActionScheduler_wcSystemStatus.php on line 79

2021-05-13T02:00:48+00:00 CRITICAL Uncaught Error: Call to a member function format() on null in /var/www/html/wp-content/plugins/woocommerce/packages/action-scheduler/classes/ActionScheduler_wcSystemStatus.php:79
Stack trace:
#0 /var/www/html/wp-content/plugins/woocommerce/packages/action-scheduler/classes/ActionScheduler_wcSystemStatus.php(52): ActionScheduler_wcSystemStatus->get_action_status_date('pending', 'oldest')
#1 /var/www/html/wp-content/plugins/woocommerce/packages/action-scheduler/classes/ActionScheduler_wcSystemStatus.php(27): ActionScheduler_wcSystemStatus->get_oldest_and_newest(Array)
#2 /var/www/html/wp-content/plugins/woocommerce/packages/action-scheduler/classes/ActionScheduler_AdminView.php(50): ActionScheduler_wcSystemStatus->render()
#3 /var/www/html/wp-includes/class-wp-hook.php(292): ActionScheduler_AdminView->system_status_report('')
#4 /var/www/html/wp-includes/class-wp-hook.php(316): WP_Hook->apply_filters('', Array)
#5 /var/www/html/wp-includes/plugin.php(484): WP_Hook->do_action(Array)
#6 /var/www/html/wp-content/p in /var/www/html/wp-content/plugins/woocommerce/packages/action-scheduler/classes/ActionScheduler_wcSystemStatus.php on line 79

2021-05-13T02:00:49+00:00 CRITICAL Uncaught Error: Call to a member function format() on null in /var/www/html/wp-content/plugins/woocommerce/packages/action-scheduler/classes/ActionScheduler_wcSystemStatus.php:79
Stack trace:
#0 /var/www/html/wp-content/plugins/woocommerce/packages/action-scheduler/classes/ActionScheduler_wcSystemStatus.php(52): ActionScheduler_wcSystemStatus->get_action_status_date('pending', 'oldest')
#1 /var/www/html/wp-content/plugins/woocommerce/packages/action-scheduler/classes/ActionScheduler_wcSystemStatus.php(27): ActionScheduler_wcSystemStatus->get_oldest_and_newest(Array)
#2 /var/www/html/wp-content/plugins/woocommerce/packages/action-scheduler/classes/ActionScheduler_AdminView.php(50): ActionScheduler_wcSystemStatus->render()
#3 /var/www/html/wp-includes/class-wp-hook.php(292): ActionScheduler_AdminView->system_status_report('')
#4 /var/www/html/wp-includes/class-wp-hook.php(316): WP_Hook->apply_filters('', Array)
#5 /var/www/html/wp-includes/plugin.php(484): WP_Hook->do_action(Array)
#6 /var/www/html/wp-content/p in /var/www/html/wp-content/plugins/woocommerce/packages/action-scheduler/classes/ActionScheduler_wcSystemStatus.php on line 79

2021-05-13T02:02:15+00:00 CRITICAL Uncaught Error: Call to a member function format() on null in /var/www/html/wp-content/plugins/woocommerce/packages/action-scheduler/classes/ActionScheduler_wcSystemStatus.php:79
Stack trace:
#0 /var/www/html/wp-content/plugins/woocommerce/packages/action-scheduler/classes/ActionScheduler_wcSystemStatus.php(52): ActionScheduler_wcSystemStatus->get_action_status_date('pending', 'oldest')
#1 /var/www/html/wp-content/plugins/woocommerce/packages/action-scheduler/classes/ActionScheduler_wcSystemStatus.php(27): ActionScheduler_wcSystemStatus->get_oldest_and_newest(Array)
#2 /var/www/html/wp-content/plugins/woocommerce/packages/action-scheduler/classes/ActionScheduler_AdminView.php(50): ActionScheduler_wcSystemStatus->render()
#3 /var/www/html/wp-includes/class-wp-hook.php(292): ActionScheduler_AdminView->system_status_report('')
#4 /var/www/html/wp-includes/class-wp-hook.php(316): WP_Hook->apply_filters('', Array)
#5 /var/www/html/wp-includes/plugin.php(484): WP_Hook->do_action(Array)
#6 /var/www/html/wp-content/p in /var/www/html/wp-content/plugins/woocommerce/packages/action-scheduler/classes/ActionScheduler_wcSystemStatus.php on line 79

